<?xml version="1.0" encoding="UTF-8"?>
<!-- Generated by org.testng.reporters.JUnitXMLReporter -->
<testsuite ignored="0" hostname="Cityzen" failures="0" tests="3" name="Groups Test" time="0.016" errors="0" timestamp="2024-06-09T01:18:52 EDT">
  <testcase classname="testngproject.GroupsTest" name="testGroup1" time="0.002"/>
  <testcase classname="testngproject.GroupsTest" name="testGroup1a" time="0.001"/>
  <testcase classname="testngproject.GroupsTest" name="testGroup2" time="0.001"/>
</testsuite> <!-- Groups Test -->
