<?xml version="1.0" encoding="UTF-8"?>
<!-- Generated by org.testng.reporters.JUnitXMLReporter -->
<testsuite ignored="0" hostname="Cityzen" failures="0" tests="3" name="Invocation Count Test" time="0.008" errors="0" timestamp="2024-06-09T01:18:52 EDT">
  <testcase classname="testngproject.InvocationCountTest" name="test1" time="0.001"/>
  <testcase classname="testngproject.InvocationCountTest" name="test1" time="0.001"/>
  <testcase classname="testngproject.InvocationCountTest" name="test1" time="0.001"/>
</testsuite> <!-- Invocation Count Test -->
