<?xml version="1.0" encoding="UTF-8"?>
<!-- Generated by org.testng.reporters.JUnitXMLReporter -->
<testsuite ignored="0" hostname="Cityzen" failures="0" tests="3" name="Parallel Test" time="0.091" errors="0" timestamp="2024-06-10T16:39:08 EDT">
  <testcase classname="testngproject.ParallelTestC" name="testMethod1" time="0.013"/>
  <testcase classname="testngproject.ParallelTestC" name="testMethod1" time="0.013"/>
  <testcase classname="testngproject.ParallelTestC" name="testMethod1" time="0.001"/>
</testsuite> <!-- Parallel Test -->
