<?xml version="1.0" encoding="UTF-8"?>
<!-- Generated by org.testng.reporters.JUnitXMLReporter -->
<testsuite ignored="0" hostname="Cityzen" failures="1" tests="1" name="Timeout Test" time="5.019" errors="0" timestamp="2024-06-09T01:18:52 EDT">
  <testcase classname="testngproject.TimeoutTest" name="timeoutTest" time="5.015">
    <failure type="org.testng.internal.thread.ThreadTimeoutException" message="Method testngproject.TimeoutTest.timeoutTest() didn&amp;apos;t finish within the time-out 5000">
      <![CDATA[org.testng.internal.thread.ThreadTimeoutException: Method testngproject.TimeoutTest.timeoutTest() didn't finish within the time-out 5000
at java.base@17.0.10/java.lang.Thread.sleep(Native Method)
at app//testngproject.TimeoutTest.timeoutTest(TimeoutTest.java:10)
at java.base@17.0.10/java.util.concurrent.FutureTask.run(FutureTask.java:264)
at java.base@17.0.10/java.util.concurrent.ThreadPoolExecutor.runWorker(ThreadPoolExecutor.java:1136)
at java.base@17.0.10/java.util.concurrent.ThreadPoolExecutor$Worker.run(ThreadPoolExecutor.java:635)
at java.base@17.0.10/java.lang.Thread.run(Thread.java:840)
... Removed 8 stack frames]]>
    </failure>
  </testcase> <!-- timeoutTest -->
</testsuite> <!-- Timeout Test -->
