<?xml version="1.0" encoding="UTF-8"?>
<testng-results ignored="0" total="2" passed="2" failed="0" skipped="0">
  <reporter-output>
  </reporter-output>
  <suite started-at="2024-07-01T10:47:35 EDT" name="Suite" finished-at="2024-07-01T10:47:53 EDT" duration-ms="18136">
    <groups>
    </groups>
    <test started-at="2024-07-01T10:47:35 EDT" name="Test" finished-at="2024-07-01T10:47:53 EDT" duration-ms="18136">
      <class name="extentReport.BaseClass">
        <test-method is-config="true" signature="setExtent()[pri:0, instance:extentReport.BaseClass@7d0b7e3c]" started-at="2024-07-01T10:47:35 EDT" name="setExtent" finished-at="2024-07-01T10:47:35 EDT" duration-ms="188" status="PASS">
          <reporter-output>
          </reporter-output>
        </test-method> <!-- setExtent -->
        <test-method is-config="true" signature="setUp()[pri:0, instance:extentReport.BaseClass@7d0b7e3c]" started-at="2024-07-01T10:47:35 EDT" name="setUp" finished-at="2024-07-01T10:47:41 EDT" duration-ms="5300" status="PASS">
          <reporter-output>
          </reporter-output>
        </test-method> <!-- setUp -->
        <test-method signature="testInvalidLogin()[pri:0, instance:extentReport.BaseClass@7d0b7e3c]" started-at="2024-07-01T10:47:41 EDT" name="testInvalidLogin" finished-at="2024-07-01T10:47:44 EDT" duration-ms="3544" status="PASS">
          <reporter-output>
          </reporter-output>
        </test-method> <!-- testInvalidLogin -->
        <test-method is-config="true" signature="tearDown(org.testng.ITestResult)[pri:0, instance:extentReport.BaseClass@7d0b7e3c]" started-at="2024-07-01T10:47:44 EDT" name="tearDown" finished-at="2024-07-01T10:47:44 EDT" duration-ms="104" status="PASS">
          <params>
            <param index="0">
              <value>
                <![CDATA[[TestResult name=testInvalidLogin status=SUCCESS method=BaseClass.testInvalidLogin()[pri:0, instance:extentReport.BaseClass@7d0b7e3c] output={null}]]]>
              </value>
            </param>
          </params>
          <reporter-output>
          </reporter-output>
        </test-method> <!-- tearDown -->
        <test-method is-config="true" signature="setUp()[pri:0, instance:extentReport.BaseClass@7d0b7e3c]" started-at="2024-07-01T10:47:44 EDT" name="setUp" finished-at="2024-07-01T10:47:49 EDT" duration-ms="4708" status="PASS">
          <reporter-output>
          </reporter-output>
        </test-method> <!-- setUp -->
        <test-method signature="testLogin()[pri:0, instance:extentReport.BaseClass@7d0b7e3c]" started-at="2024-07-01T10:47:49 EDT" name="testLogin" finished-at="2024-07-01T10:47:53 EDT" duration-ms="4346" status="PASS">
          <reporter-output>
          </reporter-output>
        </test-method> <!-- testLogin -->
        <test-method is-config="true" signature="tearDown(org.testng.ITestResult)[pri:0, instance:extentReport.BaseClass@7d0b7e3c]" started-at="2024-07-01T10:47:53 EDT" name="tearDown" finished-at="2024-07-01T10:47:53 EDT" duration-ms="82" status="PASS">
          <params>
            <param index="0">
              <value>
                <![CDATA[[TestResult name=testLogin status=SUCCESS method=BaseClass.testLogin()[pri:0, instance:extentReport.BaseClass@7d0b7e3c] output={null}]]]>
              </value>
            </param>
          </params>
          <reporter-output>
          </reporter-output>
        </test-method> <!-- tearDown -->
        <test-method is-config="true" signature="endReport()[pri:0, instance:extentReport.BaseClass@7d0b7e3c]" started-at="2024-07-01T10:47:53 EDT" name="endReport" finished-at="2024-07-01T10:47:54 EDT" duration-ms="283" status="PASS">
          <reporter-output>
          </reporter-output>
        </test-method> <!-- endReport -->
      </class> <!-- extentReport.BaseClass -->
    </test> <!-- Test -->
  </suite> <!-- Suite -->
</testng-results>
