<?xml version="1.0" encoding="UTF-8"?>
<testng-results ignored="0" total="1" passed="1" failed="0" skipped="0">
  <reporter-output>
  </reporter-output>
  <suite started-at="2024-06-26T18:56:43 EDT" name="Default suite" finished-at="2024-06-26T18:56:48 EDT" duration-ms="4747">
    <groups>
    </groups>
    <test started-at="2024-06-26T18:56:43 EDT" name="Default test" finished-at="2024-06-26T18:56:48 EDT" duration-ms="4747">
      <class name="pom.PomTest">
        <test-method signature="testLogin()[pri:0, instance:pom.PomTest@4659191b]" started-at="2024-06-26T18:56:43 EDT" name="testLogin" finished-at="2024-06-26T18:56:48 EDT" duration-ms="4703" status="PASS">
          <reporter-output>
          </reporter-output>
        </test-method> <!-- testLogin -->
      </class> <!-- pom.PomTest -->
    </test> <!-- Default test -->
  </suite> <!-- Default suite -->
</testng-results>
